[0515/200032:ERROR:process_info.cc(330)] VirtualQueryEx: Acceso denegado. (0x5)
[0515/200032:ERROR:process_info.cc(547)] ReadMemoryInfo failed
[0515/200032:ERROR:process_info.cc(608)] range at 0x7fffe0245200, size 0x40 fully unreadable
[0515/200032:ERROR:process_info.cc(608)] range at 0x7fffe0211410, size 0x12 fully unreadable
[0515/200032:ERROR:process_info.cc(608)] range at 0x7fffe0211410, size 0x12 fully unreadable
[0515/200032:ERROR:process_info.cc(608)] range at 0x7fffe0211410, size 0x12 fully unreadable
[0515/200032:ERROR:process_info.cc(608)] range at 0x809b596600000000, size 0x2bd fully unreadable
[0515/200032:ERROR:process_info.cc(608)] range at 0x809b59c800000000, size 0x2bd fully unreadable
[0515/200032:ERROR:process_info.cc(608)] range at 0x0, size 0x2bd fully unreadable
[0515/200032:ERROR:process_reader_win.cc(232)] ReadMemory at 0x2bd809ebc50 of 65536 bytes failed: Solo se completó una parte de una solicitud ReadProcessMemory o WriteProcessMemory. (0x12B)
[0515/200032:ERROR:process_reader_win.cc(232)] ReadMemory at 0x7fffe02421e0 of 40 bytes failed: Solo se completó una parte de una solicitud ReadProcessMemory o WriteProcessMemory. (0x12B)
[0515/200032:ERROR:process_snapshot_win.cc(510)] failed to read RTL_CRITICAL_SECTION
[0515/200032:ERROR:process_reader_win.cc(232)] ReadMemory at 0x7ff740010000 of 64 bytes failed: Solo se completó una parte de una solicitud ReadProcessMemory o WriteProcessMemory. (0x12B)
[0515/200032:WARNING:pe_image_reader.cc(280)] could not read dos header from C:\Program Files (x86)\Google\Chrome\Application\chrome.exe
[0515/200032:ERROR:process_reader_win.cc(232)] ReadMemory at 0x7fffe0100000 of 64 bytes failed: Solo se completó una parte de una solicitud ReadProcessMemory o WriteProcessMemory. (0x12B)
[0515/200032:WARNING:pe_image_reader.cc(280)] could not read dos header from C:\WINDOWS\SYSTEM32\ntdll.dll
[0515/200032:ERROR:process_reader_win.cc(232)] ReadMemory at 0x7fffdce00000 of 64 bytes failed: Solo se completó una parte de una solicitud ReadProcessMemory o WriteProcessMemory. (0x12B)
[0515/200032:WARNING:pe_image_reader.cc(280)] could not read dos header from C:\WINDOWS\system32\KERNELBASE.dll
[0515/200032:ERROR:process_reader_win.cc(232)] ReadMemory at 0x7fffdfd50000 of 64 bytes failed: Solo se completó una parte de una solicitud ReadProcessMemory o WriteProcessMemory. (0x12B)
[0515/200032:WARNING:pe_image_reader.cc(280)] could not read dos header from C:\WINDOWS\system32\KERNEL32.DLL
[0515/200032:ERROR:process_reader_win.cc(232)] ReadMemory at 0x7fffdf870000 of 64 bytes failed: Solo se completó una parte de una solicitud ReadProcessMemory o WriteProcessMemory. (0x12B)
[0515/200032:WARNING:pe_image_reader.cc(280)] could not read dos header from C:\WINDOWS\system32\msvcrt.dll
[0515/200032:ERROR:process_reader_win.cc(232)] ReadMemory at 0x7fffdff80000 of 64 bytes failed: Solo se completó una parte de una solicitud ReadProcessMemory o WriteProcessMemory. (0x12B)
[0515/200032:WARNING:pe_image_reader.cc(280)] could not read dos header from C:\WINDOWS\system32\RPCRT4.dll
[0515/200032:ERROR:process_reader_win.cc(232)] ReadMemory at 0x7fffdd500000 of 64 bytes failed: Solo se completó una parte de una solicitud ReadProcessMemory o WriteProcessMemory. (0x12B)
[0515/200032:WARNING:pe_image_reader.cc(280)] could not read dos header from C:\WINDOWS\system32\sechost.dll
[0515/200032:ERROR:process_reader_win.cc(232)] ReadMemory at 0x7fffdf7c0000 of 64 bytes failed: Solo se completó una parte de una solicitud ReadProcessMemory o WriteProcessMemory. (0x12B)
[0515/200032:WARNING:pe_image_reader.cc(280)] could not read dos header from C:\WINDOWS\system32\ADVAPI32.dll
[0515/200032:ERROR:process_reader_win.cc(232)] ReadMemory at 0x7fffcf3a0000 of 64 bytes failed: Solo se completó una parte de una solicitud ReadProcessMemory o WriteProcessMemory. (0x12B)
[0515/200032:WARNING:pe_image_reader.cc(280)] could not read dos header from C:\Program Files (x86)\Google\Chrome\Application\50.0.2661.102\chrome_elf.dll
[0515/200032:ERROR:process_reader_win.cc(232)] ReadMemory at 0x7fffdc600000 of 64 bytes failed: Solo se completó una parte de una solicitud ReadProcessMemory o WriteProcessMemory. (0x12B)
[0515/200032:WARNING:pe_image_reader.cc(280)] could not read dos header from C:\WINDOWS\SYSTEM32\VERSION.dll
[0515/200032:ERROR:process_reader_win.cc(232)] ReadMemory at 0x7fffdd4b0000 of 64 bytes failed: Solo se completó una parte de una solicitud ReadProcessMemory o WriteProcessMemory. (0x12B)
[0515/200032:WARNING:pe_image_reader.cc(280)] could not read dos header from C:\WINDOWS\system32\cfgmgr32.dll
[0515/200032:ERROR:process_reader_win.cc(232)] ReadMemory at 0x7fffd9c20000 of 64 bytes failed: Solo se completó una parte de una solicitud ReadProcessMemory o WriteProcessMemory. (0x12B)
[0515/200032:WARNING:pe_image_reader.cc(280)] could not read dos header from C:\WINDOWS\SYSTEM32\WINMMBASE.dll
[0515/200032:ERROR:process_reader_win.cc(232)] ReadMemory at 0x7fffdd620000 of 64 bytes failed: Solo se completó una parte de una solicitud ReadProcessMemory o WriteProcessMemory. (0x12B)
[0515/200032:WARNING:pe_image_reader.cc(280)] could not read dos header from C:\WINDOWS\system32\GDI32.dll
[0515/200032:ERROR:process_reader_win.cc(232)] ReadMemory at 0x7fffdd7b0000 of 64 bytes failed: Solo se completó una parte de una solicitud ReadProcessMemory o WriteProcessMemory. (0x12B)
[0515/200032:WARNING:pe_image_reader.cc(280)] could not read dos header from C:\WINDOWS\system32\USER32.dll
[0515/200032:ERROR:process_reader_win.cc(232)] ReadMemory at 0x7fffdd5c0000 of 64 bytes failed: Solo se completó una parte de una solicitud ReadProcessMemory o WriteProcessMemory. (0x12B)
[0515/200032:WARNING:pe_image_reader.cc(280)] could not read dos header from C:\WINDOWS\system32\IMM32.DLL
[0515/200032:ERROR:process_reader_win.cc(232)] ReadMemory at 0x7fffd9c50000 of 64 bytes failed: Solo se completó una parte de una solicitud ReadProcessMemory o WriteProcessMemory. (0x12B)
[0515/200032:WARNING:pe_image_reader.cc(280)] could not read dos header from C:\WINDOWS\SYSTEM32\WINMM.dll
[0515/200032:ERROR:process_reader_win.cc(232)] ReadMemory at 0x7fffdc720000 of 64 bytes failed: Solo se completó una parte de una solicitud ReadProcessMemory o WriteProcessMemory. (0x12B)
[0515/200032:WARNING:pe_image_reader.cc(280)] could not read dos header from C:\WINDOWS\system32\profapi.dll
[0515/200032:ERROR:process_reader_win.cc(232)] ReadMemory at 0x7fffdbe30000 of 64 bytes failed: Solo se completó una parte de una solicitud ReadProcessMemory o WriteProcessMemory. (0x12B)
[0515/200032:WARNING:pe_image_reader.cc(280)] could not read dos header from C:\WINDOWS\SYSTEM32\USERENV.dll
[0515/200032:ERROR:process_reader_win.cc(232)] ReadMemory at 0x7fffdaa40000 of 64 bytes failed: Solo se completó una parte de una solicitud ReadProcessMemory o WriteProcessMemory. (0x12B)
[0515/200032:WARNING:pe_image_reader.cc(280)] could not read dos header from C:\WINDOWS\SYSTEM32\WTSAPI32.dll
[0515/200032:ERROR:process_reader_win.cc(232)] ReadMemory at 0x7fffd73c0000 of 64 bytes failed: Solo se completó una parte de una solicitud ReadProcessMemory o WriteProcessMemory. (0x12B)
[0515/200032:WARNING:pe_image_reader.cc(280)] could not read dos header from C:\WINDOWS\SYSTEM32\WINHTTP.dll
[0515/200032:ERROR:process_reader_win.cc(232)] ReadMemory at 0x7fffdd0c0000 of 64 bytes failed: Solo se completó una parte de una solicitud ReadProcessMemory o WriteProcessMemory. (0x12B)
[0515/200032:WARNING:pe_image_reader.cc(280)] could not read dos header from C:\WINDOWS\system32\bcryptPrimitives.dll
[0515/200032:ERROR:process_reader_win.cc(232)] ReadMemory at 0x7fffdc170000 of 64 bytes failed: Solo se completó una parte de una solicitud ReadProcessMemory o WriteProcessMemory. (0x12B)
[0515/200032:WARNING:pe_image_reader.cc(280)] could not read dos header from C:\WINDOWS\SYSTEM32\CRYPTBASE.DLL
[0515/200032:ERROR:process_reader_win.cc(232)] ReadMemory at 0x7fffdf090000 of 64 bytes failed: Solo se completó una parte de una solicitud ReadProcessMemory o WriteProcessMemory. (0x12B)
[0515/200032:WARNING:pe_image_reader.cc(280)] could not read dos header from C:\WINDOWS\system32\combase.dll
[0515/200032:ERROR:process_reader_win.cc(232)] ReadMemory at 0x7fffdff20000 of 64 bytes failed: Solo se completó una parte de una solicitud ReadProcessMemory o WriteProcessMemory. (0x12B)
[0515/200032:WARNING:pe_image_reader.cc(280)] could not read dos header from C:\WINDOWS\system32\shlwapi.dll
[0515/200032:ERROR:process_reader_win.cc(232)] ReadMemory at 0x7fffdc7a0000 of 64 bytes failed: Solo se completó una parte de una solicitud ReadProcessMemory o WriteProcessMemory. (0x12B)
[0515/200032:WARNING:pe_image_reader.cc(280)] could not read dos header from C:\WINDOWS\system32\kernel.appcore.dll
[0515/200032:ERROR:process_reader_win.cc(232)] ReadMemory at 0x7fffdd390000 of 64 bytes failed: Solo se completó una parte de una solicitud ReadProcessMemory o WriteProcessMemory. (0x12B)
[0515/200032:WARNING:pe_image_reader.cc(280)] could not read dos header from C:\WINDOWS\system32\shcore.dll
[0515/200032:ERROR:process_reader_win.cc(232)] ReadMemory at 0x7fffdc740000 of 64 bytes failed: Solo se completó una parte de una solicitud ReadProcessMemory o WriteProcessMemory. (0x12B)
[0515/200032:WARNING:pe_image_reader.cc(280)] could not read dos header from C:\WINDOWS\system32\powrprof.dll
[0515/200032:ERROR:process_reader_win.cc(232)] ReadMemory at 0x7fffdc7b0000 of 64 bytes failed: Solo se completó una parte de una solicitud ReadProcessMemory o WriteProcessMemory. (0x12B)
[0515/200032:WARNING:pe_image_reader.cc(280)] could not read dos header from C:\WINDOWS\system32\windows.storage.dll
[0515/200032:ERROR:process_reader_win.cc(232)] ReadMemory at 0x7fffddb30000 of 64 bytes failed: Solo se completó una parte de una solicitud ReadProcessMemory o WriteProcessMemory. (0x12B)
[0515/200032:WARNING:pe_image_reader.cc(280)] could not read dos header from C:\WINDOWS\system32\SHELL32.dll
[0515/200032:ERROR:process_reader_win.cc(232)] ReadMemory at 0x7fffdfd40000 of 64 bytes failed: Solo se completó una parte de una solicitud ReadProcessMemory o WriteProcessMemory. (0x12B)
[0515/200032:WARNING:pe_image_reader.cc(280)] could not read dos header from C:\WINDOWS\system32\PSAPI.DLL
[0515/200032:ERROR:process_reader_win.cc(232)] ReadMemory at 0x7fffdc650000 of 64 bytes failed: Solo se completó una parte de una solicitud ReadProcessMemory o WriteProcessMemory. (0x12B)
[0515/200032:WARNING:pe_image_reader.cc(280)] could not read dos header from C:\WINDOWS\SYSTEM32\bcrypt.dll
[0515/200032:ERROR:process_reader_win.cc(232)] ReadMemory at 0x7fffd5850000 of 64 bytes failed: Solo se completó una parte de una solicitud ReadProcessMemory o WriteProcessMemory. (0x12B)
[0515/200032:WARNING:pe_image_reader.cc(280)] could not read dos header from C:\WINDOWS\SYSTEM32\WINSPOOL.DRV
[0515/200032:ERROR:process_reader_win.cc(232)] ReadMemory at 0x7fffd5c90000 of 64 bytes failed: Solo se completó una parte de una solicitud ReadProcessMemory o WriteProcessMemory. (0x12B)
[0515/200032:WARNING:pe_image_reader.cc(280)] could not read dos header from C:\WINDOWS\WinSxS\amd64_microsoft.windows.common-controls_6595b64144ccf1df_6.0.10586.0_none_8c15ae12515e1c22\COMCTL32.dll
[0515/200032:ERROR:process_reader_win.cc(232)] ReadMemory at 0x7fffdd300000 of 64 bytes failed: Solo se completó una parte de una solicitud ReadProcessMemory o WriteProcessMemory. (0x12B)
[0515/200032:WARNING:pe_image_reader.cc(280)] could not read dos header from C:\WINDOWS\system32\FirewallAPI.dll
[0515/200032:ERROR:process_reader_win.cc(232)] ReadMemory at 0x7fffdb3a0000 of 64 bytes failed: Solo se completó una parte de una solicitud ReadProcessMemory o WriteProcessMemory. (0x12B)
[0515/200032:WARNING:pe_image_reader.cc(280)] could not read dos header from C:\WINDOWS\system32\fwbase.dll
[0515/200032:ERROR:process_reader_win.cc(232)] ReadMemory at 0x7fffdd0a0000 of 64 bytes failed: Solo se completó una parte de una solicitud ReadProcessMemory o WriteProcessMemory. (0x12B)
[0515/200032:WARNING:pe_image_reader.cc(280)] could not read dos header from C:\WINDOWS\system32\NETAPI32.dll
[0515/200032:ERROR:process_reader_win.cc(232)] ReadMemory at 0x7fffd5bb0000 of 64 bytes failed: Solo se completó una parte de una solicitud ReadProcessMemory o WriteProcessMemory. (0x12B)
[0515/200032:WARNING:pe_image_reader.cc(280)] could not read dos header from C:\WINDOWS\SYSTEM32\DAVHLPR.DLL
[0515/200032:ERROR:process_reader_win.cc(232)] ReadMemory at 0x7fffdfe10000 of 64 bytes failed: Solo se completó una parte de una solicitud ReadProcessMemory o WriteProcessMemory. (0x12B)
[0515/200032:WARNING:pe_image_reader.cc(280)] could not read dos header from C:\WINDOWS\system32\COMDLG32.dll
[0515/200032:ERROR:process_reader_win.cc(232)] ReadMemory at 0x7fffdf320000 of 64 bytes failed: Solo se completó una parte de una solicitud ReadProcessMemory o WriteProcessMemory. (0x12B)
[0515/200032:WARNING:pe_image_reader.cc(280)] could not read dos header from C:\WINDOWS\system32\ole32.dll
[0515/200032:ERROR:process_reader_win.cc(232)] ReadMemory at 0x7fffdf6f0000 of 64 bytes failed: Solo se completó una parte de una solicitud ReadProcessMemory o WriteProcessMemory. (0x12B)
[0515/200032:WARNING:pe_image_reader.cc(280)] could not read dos header from C:\WINDOWS\system32\OLEAUT32.dll
[0515/200032:ERROR:process_reader_win.cc(232)] ReadMemory at 0x7fffd74a0000 of 64 bytes failed: Solo se completó una parte de una solicitud ReadProcessMemory o WriteProcessMemory. (0x12B)
[0515/200032:WARNING:pe_image_reader.cc(280)] could not read dos header from C:\WINDOWS\SYSTEM32\IPHLPAPI.DLL
[0515/200032:ERROR:process_reader_win.cc(232)] ReadMemory at 0x7fffdf520000 of 64 bytes failed: Solo se completó una parte de una solicitud ReadProcessMemory o WriteProcessMemory. (0x12B)
[0515/200032:WARNING:pe_image_reader.cc(280)] could not read dos header from C:\WINDOWS\system32\WS2_32.dll
[0515/200032:ERROR:process_reader_win.cc(232)] ReadMemory at 0x7fffcf1f0000 of 64 bytes failed: Solo se completó una parte de una solicitud ReadProcessMemory o WriteProcessMemory. (0x12B)
[0515/200032:WARNING:pe_image_reader.cc(280)] could not read dos header from C:\WINDOWS\SYSTEM32\USP10.dll
[0515/200032:ERROR:process_reader_win.cc(232)] ReadMemory at 0x7fffdc790000 of 64 bytes failed: Solo se completó una parte de una solicitud ReadProcessMemory o WriteProcessMemory. (0x12B)
[0515/200032:WARNING:pe_image_reader.cc(280)] could not read dos header from C:\WINDOWS\system32\MSASN1.dll
[0515/200032:ERROR:process_reader_win.cc(232)] ReadMemory at 0x7fffdd130000 of 64 bytes failed: Solo se completó una parte de una solicitud ReadProcessMemory o WriteProcessMemory. (0x12B)
[0515/200032:WARNING:pe_image_reader.cc(280)] could not read dos header from C:\WINDOWS\system32\CRYPT32.dll
[0515/200032:ERROR:process_reader_win.cc(232)] ReadMemory at 0x7fffdd450000 of 64 bytes failed: Solo se completó una parte de una solicitud ReadProcessMemory o WriteProcessMemory. (0x12B)
[0515/200032:WARNING:pe_image_reader.cc(280)] could not read dos header from C:\WINDOWS\system32\WINTRUST.dll
[0515/200032:ERROR:process_reader_win.cc(232)] ReadMemory at 0x7fffd7490000 of 64 bytes failed: Solo se completó una parte de una solicitud ReadProcessMemory o WriteProcessMemory. (0x12B)
[0515/200032:WARNING:pe_image_reader.cc(280)] could not read dos header from C:\WINDOWS\SYSTEM32\Secur32.dll
[0515/200032:ERROR:process_reader_win.cc(232)] ReadMemory at 0x7fffdc350000 of 64 bytes failed: Solo se completó una parte de una solicitud ReadProcessMemory o WriteProcessMemory. (0x12B)
[0515/200032:WARNING:pe_image_reader.cc(280)] could not read dos header from C:\WINDOWS\SYSTEM32\SSPICLI.DLL
[0515/200032:ERROR:process_reader_win.cc(232)] ReadMemory at 0x7fffa9b70000 of 64 bytes failed: Solo se completó una parte de una solicitud ReadProcessMemory o WriteProcessMemory. (0x12B)
[0515/200032:WARNING:pe_image_reader.cc(280)] could not read dos header from C:\Program Files (x86)\Google\Chrome\Application\50.0.2661.102\chrome_child.dll
[0515/200032:ERROR:process_reader_win.cc(232)] ReadMemory at 0x7fffc0270000 of 64 bytes failed: Solo se completó una parte de una solicitud ReadProcessMemory o WriteProcessMemory. (0x12B)
[0515/200032:WARNING:pe_image_reader.cc(280)] could not read dos header from C:\WINDOWS\SYSTEM32\dwrite.dll
[0515/200032:ERROR:process_reader_win.cc(232)] ReadMemory at 0x7fffe0245340 of 6656 bytes failed: Solo se completó una parte de una solicitud ReadProcessMemory o WriteProcessMemory. (0x12B)
[0515/200032:ERROR:process_reader_win.cc(232)] ReadMemory at 0x7ff740010000 of 64 bytes failed: Solo se completó una parte de una solicitud ReadProcessMemory o WriteProcessMemory. (0x12B)
[0515/200032:WARNING:pe_image_reader.cc(280)] could not read dos header from C:\Program Files (x86)\Google\Chrome\Application\chrome.exe
[0515/200032:ERROR:process_reader_win.cc(232)] ReadMemory at 0x7fffe0100000 of 64 bytes failed: Solo se completó una parte de una solicitud ReadProcessMemory o WriteProcessMemory. (0x12B)
[0515/200032:WARNING:pe_image_reader.cc(280)] could not read dos header from C:\WINDOWS\SYSTEM32\ntdll.dll
[0515/200032:ERROR:process_reader_win.cc(232)] ReadMemory at 0x7fffdce00000 of 64 bytes failed: Solo se completó una parte de una solicitud ReadProcessMemory o WriteProcessMemory. (0x12B)
[0515/200032:WARNING:pe_image_reader.cc(280)] could not read dos header from C:\WINDOWS\system32\KERNELBASE.dll
[0515/200032:ERROR:process_reader_win.cc(232)] ReadMemory at 0x7fffdfd50000 of 64 bytes failed: Solo se completó una parte de una solicitud ReadProcessMemory o WriteProcessMemory. (0x12B)
[0515/200032:WARNING:pe_image_reader.cc(280)] could not read dos header from C:\WINDOWS\system32\KERNEL32.DLL
[0515/200032:ERROR:process_reader_win.cc(232)] ReadMemory at 0x7fffdf870000 of 64 bytes failed: Solo se completó una parte de una solicitud ReadProcessMemory o WriteProcessMemory. (0x12B)
[0515/200032:WARNING:pe_image_reader.cc(280)] could not read dos header from C:\WINDOWS\system32\msvcrt.dll
[0515/200032:ERROR:process_reader_win.cc(232)] ReadMemory at 0x7fffdff80000 of 64 bytes failed: Solo se completó una parte de una solicitud ReadProcessMemory o WriteProcessMemory. (0x12B)
[0515/200032:WARNING:pe_image_reader.cc(280)] could not read dos header from C:\WINDOWS\system32\RPCRT4.dll
[0515/200032:ERROR:process_reader_win.cc(232)] ReadMemory at 0x7fffdd500000 of 64 bytes failed: Solo se completó una parte de una solicitud ReadProcessMemory o WriteProcessMemory. (0x12B)
[0515/200032:WARNING:pe_image_reader.cc(280)] could not read dos header from C:\WINDOWS\system32\sechost.dll
[0515/200032:ERROR:process_reader_win.cc(232)] ReadMemory at 0x7fffdf7c0000 of 64 bytes failed: Solo se completó una parte de una solicitud ReadProcessMemory o WriteProcessMemory. (0x12B)
[0515/200032:WARNING:pe_image_reader.cc(280)] could not read dos header from C:\WINDOWS\system32\ADVAPI32.dll
[0515/200032:ERROR:process_reader_win.cc(232)] ReadMemory at 0x7fffcf3a0000 of 64 bytes failed: Solo se completó una parte de una solicitud ReadProcessMemory o WriteProcessMemory. (0x12B)
[0515/200032:WARNING:pe_image_reader.cc(280)] could not read dos header from C:\Program Files (x86)\Google\Chrome\Application\50.0.2661.102\chrome_elf.dll
[0515/200032:ERROR:process_reader_win.cc(232)] ReadMemory at 0x7fffdc600000 of 64 bytes failed: Solo se completó una parte de una solicitud ReadProcessMemory o WriteProcessMemory. (0x12B)
[0515/200032:WARNING:pe_image_reader.cc(280)] could not read dos header from C:\WINDOWS\SYSTEM32\VERSION.dll
[0515/200032:ERROR:process_reader_win.cc(232)] ReadMemory at 0x7fffdd4b0000 of 64 bytes failed: Solo se completó una parte de una solicitud ReadProcessMemory o WriteProcessMemory. (0x12B)
[0515/200032:WARNING:pe_image_reader.cc(280)] could not read dos header from C:\WINDOWS\system32\cfgmgr32.dll
[0515/200032:ERROR:process_reader_win.cc(232)] ReadMemory at 0x7fffd9c20000 of 64 bytes failed: Solo se completó una parte de una solicitud ReadProcessMemory o WriteProcessMemory. (0x12B)
[0515/200032:WARNING:pe_image_reader.cc(280)] could not read dos header from C:\WINDOWS\SYSTEM32\WINMMBASE.dll
[0515/200032:ERROR:process_reader_win.cc(232)] ReadMemory at 0x7fffdd620000 of 64 bytes failed: Solo se completó una parte de una solicitud ReadProcessMemory o WriteProcessMemory. (0x12B)
[0515/200032:WARNING:pe_image_reader.cc(280)] could not read dos header from C:\WINDOWS\system32\GDI32.dll
[0515/200032:ERROR:process_reader_win.cc(232)] ReadMemory at 0x7fffdd7b0000 of 64 bytes failed: Solo se completó una parte de una solicitud ReadProcessMemory o WriteProcessMemory. (0x12B)
[0515/200032:WARNING:pe_image_reader.cc(280)] could not read dos header from C:\WINDOWS\system32\USER32.dll
[0515/200032:ERROR:process_reader_win.cc(232)] ReadMemory at 0x7fffdd5c0000 of 64 bytes failed: Solo se completó una parte de una solicitud ReadProcessMemory o WriteProcessMemory. (0x12B)
[0515/200032:WARNING:pe_image_reader.cc(280)] could not read dos header from C:\WINDOWS\system32\IMM32.DLL
[0515/200032:ERROR:process_reader_win.cc(232)] ReadMemory at 0x7fffd9c50000 of 64 bytes failed: Solo se completó una parte de una solicitud ReadProcessMemory o WriteProcessMemory. (0x12B)
[0515/200032:WARNING:pe_image_reader.cc(280)] could not read dos header from C:\WINDOWS\SYSTEM32\WINMM.dll
[0515/200032:ERROR:process_reader_win.cc(232)] ReadMemory at 0x7fffdc720000 of 64 bytes failed: Solo se completó una parte de una solicitud ReadProcessMemory o WriteProcessMemory. (0x12B)
[0515/200032:WARNING:pe_image_reader.cc(280)] could not read dos header from C:\WINDOWS\system32\profapi.dll
[0515/200032:ERROR:process_reader_win.cc(232)] ReadMemory at 0x7fffdbe30000 of 64 bytes failed: Solo se completó una parte de una solicitud ReadProcessMemory o WriteProcessMemory. (0x12B)
[0515/200032:WARNING:pe_image_reader.cc(280)] could not read dos header from C:\WINDOWS\SYSTEM32\USERENV.dll
[0515/200032:ERROR:process_reader_win.cc(232)] ReadMemory at 0x7fffdaa40000 of 64 bytes failed: Solo se completó una parte de una solicitud ReadProcessMemory o WriteProcessMemory. (0x12B)
[0515/200032:WARNING:pe_image_reader.cc(280)] could not read dos header from C:\WINDOWS\SYSTEM32\WTSAPI32.dll
[0515/200032:ERROR:process_reader_win.cc(232)] ReadMemory at 0x7fffd73c0000 of 64 bytes failed: Solo se completó una parte de una solicitud ReadProcessMemory o WriteProcessMemory. (0x12B)
[0515/200032:WARNING:pe_image_reader.cc(280)] could not read dos header from C:\WINDOWS\SYSTEM32\WINHTTP.dll
[0515/200032:ERROR:process_reader_win.cc(232)] ReadMemory at 0x7fffdd0c0000 of 64 bytes failed: Solo se completó una parte de una solicitud ReadProcessMemory o WriteProcessMemory. (0x12B)
[0515/200032:WARNING:pe_image_reader.cc(280)] could not read dos header from C:\WINDOWS\system32\bcryptPrimitives.dll
[0515/200032:ERROR:process_reader_win.cc(232)] ReadMemory at 0x7fffdc170000 of 64 bytes failed: Solo se completó una parte de una solicitud ReadProcessMemory o WriteProcessMemory. (0x12B)
[0515/200032:WARNING:pe_image_reader.cc(280)] could not read dos header from C:\WINDOWS\SYSTEM32\CRYPTBASE.DLL
[0515/200032:ERROR:process_reader_win.cc(232)] ReadMemory at 0x7fffdf090000 of 64 bytes failed: Solo se completó una parte de una solicitud ReadProcessMemory o WriteProcessMemory. (0x12B)
[0515/200032:WARNING:pe_image_reader.cc(280)] could not read dos header from C:\WINDOWS\system32\combase.dll
[0515/200032:ERROR:process_reader_win.cc(232)] ReadMemory at 0x7fffdff20000 of 64 bytes failed: Solo se completó una parte de una solicitud ReadProcessMemory o WriteProcessMemory. (0x12B)
[0515/200032:WARNING:pe_image_reader.cc(280)] could not read dos header from C:\WINDOWS\system32\shlwapi.dll
[0515/200032:ERROR:process_reader_win.cc(232)] ReadMemory at 0x7fffdc7a0000 of 64 bytes failed: Solo se completó una parte de una solicitud ReadProcessMemory o WriteProcessMemory. (0x12B)
[0515/200032:WARNING:pe_image_reader.cc(280)] could not read dos header from C:\WINDOWS\system32\kernel.appcore.dll
[0515/200032:ERROR:process_reader_win.cc(232)] ReadMemory at 0x7fffdd390000 of 64 bytes failed: Solo se completó una parte de una solicitud ReadProcessMemory o WriteProcessMemory. (0x12B)
[0515/200032:WARNING:pe_image_reader.cc(280)] could not read dos header from C:\WINDOWS\system32\shcore.dll
[0515/200032:ERROR:process_reader_win.cc(232)] ReadMemory at 0x7fffdc740000 of 64 bytes failed: Solo se completó una parte de una solicitud ReadProcessMemory o WriteProcessMemory. (0x12B)
[0515/200032:WARNING:pe_image_reader.cc(280)] could not read dos header from C:\WINDOWS\system32\powrprof.dll
[0515/200032:ERROR:process_reader_win.cc(232)] ReadMemory at 0x7fffdc7b0000 of 64 bytes failed: Solo se completó una parte de una solicitud ReadProcessMemory o WriteProcessMemory. (0x12B)
[0515/200032:WARNING:pe_image_reader.cc(280)] could not read dos header from C:\WINDOWS\system32\windows.storage.dll
[0515/200032:ERROR:process_reader_win.cc(232)] ReadMemory at 0x7fffddb30000 of 64 bytes failed: Solo se completó una parte de una solicitud ReadProcessMemory o WriteProcessMemory. (0x12B)
[0515/200032:WARNING:pe_image_reader.cc(280)] could not read dos header from C:\WINDOWS\system32\SHELL32.dll
[0515/200032:ERROR:process_reader_win.cc(232)] ReadMemory at 0x7fffdfd40000 of 64 bytes failed: Solo se completó una parte de una solicitud ReadProcessMemory o WriteProcessMemory. (0x12B)
[0515/200032:WARNING:pe_image_reader.cc(280)] could not read dos header from C:\WINDOWS\system32\PSAPI.DLL
[0515/200032:ERROR:process_reader_win.cc(232)] ReadMemory at 0x7fffdc650000 of 64 bytes failed: Solo se completó una parte de una solicitud ReadProcessMemory o WriteProcessMemory. (0x12B)
[0515/200032:WARNING:pe_image_reader.cc(280)] could not read dos header from C:\WINDOWS\SYSTEM32\bcrypt.dll
[0515/200032:ERROR:process_reader_win.cc(232)] ReadMemory at 0x7fffd5850000 of 64 bytes failed: Solo se completó una parte de una solicitud ReadProcessMemory o WriteProcessMemory. (0x12B)
[0515/200032:WARNING:pe_image_reader.cc(280)] could not read dos header from C:\WINDOWS\SYSTEM32\WINSPOOL.DRV
[0515/200032:ERROR:process_reader_win.cc(232)] ReadMemory at 0x7fffd5c90000 of 64 bytes failed: Solo se completó una parte de una solicitud ReadProcessMemory o WriteProcessMemory. (0x12B)
[0515/200032:WARNING:pe_image_reader.cc(280)] could not read dos header from C:\WINDOWS\WinSxS\amd64_microsoft.windows.common-controls_6595b64144ccf1df_6.0.10586.0_none_8c15ae12515e1c22\COMCTL32.dll
[0515/200032:ERROR:process_reader_win.cc(232)] ReadMemory at 0x7fffdd300000 of 64 bytes failed: Solo se completó una parte de una solicitud ReadProcessMemory o WriteProcessMemory. (0x12B)
[0515/200032:WARNING:pe_image_reader.cc(280)] could not read dos header from C:\WINDOWS\system32\FirewallAPI.dll
[0515/200032:ERROR:process_reader_win.cc(232)] ReadMemory at 0x7fffdb3a0000 of 64 bytes failed: Solo se completó una parte de una solicitud ReadProcessMemory o WriteProcessMemory. (0x12B)
[0515/200032:WARNING:pe_image_reader.cc(280)] could not read dos header from C:\WINDOWS\system32\fwbase.dll
[0515/200032:ERROR:process_reader_win.cc(232)] ReadMemory at 0x7fffdd0a0000 of 64 bytes failed: Solo se completó una parte de una solicitud ReadProcessMemory o WriteProcessMemory. (0x12B)
[0515/200032:WARNING:pe_image_reader.cc(280)] could not read dos header from C:\WINDOWS\system32\NETAPI32.dll
[0515/200032:ERROR:process_reader_win.cc(232)] ReadMemory at 0x7fffd5bb0000 of 64 bytes failed: Solo se completó una parte de una solicitud ReadProcessMemory o WriteProcessMemory. (0x12B)
[0515/200032:WARNING:pe_image_reader.cc(280)] could not read dos header from C:\WINDOWS\SYSTEM32\DAVHLPR.DLL
[0515/200032:ERROR:process_reader_win.cc(232)] ReadMemory at 0x7fffdfe10000 of 64 bytes failed: Solo se completó una parte de una solicitud ReadProcessMemory o WriteProcessMemory. (0x12B)
[0515/200032:WARNING:pe_image_reader.cc(280)] could not read dos header from C:\WINDOWS\system32\COMDLG32.dll
[0515/200032:ERROR:process_reader_win.cc(232)] ReadMemory at 0x7fffdf320000 of 64 bytes failed: Solo se completó una parte de una solicitud ReadProcessMemory o WriteProcessMemory. (0x12B)
[0515/200032:WARNING:pe_image_reader.cc(280)] could not read dos header from C:\WINDOWS\system32\ole32.dll
[0515/200032:ERROR:process_reader_win.cc(232)] ReadMemory at 0x7fffdf6f0000 of 64 bytes failed: Solo se completó una parte de una solicitud ReadProcessMemory o WriteProcessMemory. (0x12B)
[0515/200032:WARNING:pe_image_reader.cc(280)] could not read dos header from C:\WINDOWS\system32\OLEAUT32.dll
[0515/200032:ERROR:process_reader_win.cc(232)] ReadMemory at 0x7fffd74a0000 of 64 bytes failed: Solo se completó una parte de una solicitud ReadProcessMemory o WriteProcessMemory. (0x12B)
[0515/200032:WARNING:pe_image_reader.cc(280)] could not read dos header from C:\WINDOWS\SYSTEM32\IPHLPAPI.DLL
[0515/200032:ERROR:process_reader_win.cc(232)] ReadMemory at 0x7fffdf520000 of 64 bytes failed: Solo se completó una parte de una solicitud ReadProcessMemory o WriteProcessMemory. (0x12B)
[0515/200032:WARNING:pe_image_reader.cc(280)] could not read dos header from C:\WINDOWS\system32\WS2_32.dll
[0515/200032:ERROR:process_reader_win.cc(232)] ReadMemory at 0x7fffcf1f0000 of 64 bytes failed: Solo se completó una parte de una solicitud ReadProcessMemory o WriteProcessMemory. (0x12B)
[0515/200032:WARNING:pe_image_reader.cc(280)] could not read dos header from C:\WINDOWS\SYSTEM32\USP10.dll
[0515/200032:ERROR:process_reader_win.cc(232)] ReadMemory at 0x7fffdc790000 of 64 bytes failed: Solo se completó una parte de una solicitud ReadProcessMemory o WriteProcessMemory. (0x12B)
[0515/200032:WARNING:pe_image_reader.cc(280)] could not read dos header from C:\WINDOWS\system32\MSASN1.dll
[0515/200032:ERROR:process_reader_win.cc(232)] ReadMemory at 0x7fffdd130000 of 64 bytes failed: Solo se completó una parte de una solicitud ReadProcessMemory o WriteProcessMemory. (0x12B)
[0515/200032:WARNING:pe_image_reader.cc(280)] could not read dos header from C:\WINDOWS\system32\CRYPT32.dll
[0515/200032:ERROR:process_reader_win.cc(232)] ReadMemory at 0x7fffdd450000 of 64 bytes failed: Solo se completó una parte de una solicitud ReadProcessMemory o WriteProcessMemory. (0x12B)
[0515/200032:WARNING:pe_image_reader.cc(280)] could not read dos header from C:\WINDOWS\system32\WINTRUST.dll
[0515/200032:ERROR:process_reader_win.cc(232)] ReadMemory at 0x7fffd7490000 of 64 bytes failed: Solo se completó una parte de una solicitud ReadProcessMemory o WriteProcessMemory. (0x12B)
[0515/200032:WARNING:pe_image_reader.cc(280)] could not read dos header from C:\WINDOWS\SYSTEM32\Secur32.dll
[0515/200032:ERROR:process_reader_win.cc(232)] ReadMemory at 0x7fffdc350000 of 64 bytes failed: Solo se completó una parte de una solicitud ReadProcessMemory o WriteProcessMemory. (0x12B)
[0515/200032:WARNING:pe_image_reader.cc(280)] could not read dos header from C:\WINDOWS\SYSTEM32\SSPICLI.DLL
[0515/200032:ERROR:process_reader_win.cc(232)] ReadMemory at 0x7fffa9b70000 of 64 bytes failed: Solo se completó una parte de una solicitud ReadProcessMemory o WriteProcessMemory. (0x12B)
[0515/200032:WARNING:pe_image_reader.cc(280)] could not read dos header from C:\Program Files (x86)\Google\Chrome\Application\50.0.2661.102\chrome_child.dll
[0515/200032:ERROR:process_reader_win.cc(232)] ReadMemory at 0x7fffc0270000 of 64 bytes failed: Solo se completó una parte de una solicitud ReadProcessMemory o WriteProcessMemory. (0x12B)
[0515/200032:WARNING:pe_image_reader.cc(280)] could not read dos header from C:\WINDOWS\SYSTEM32\dwrite.dll
[0515/200032:ERROR:process_reader_win.cc(98)] process 9100 not found
[0515/200032:ERROR:process_reader_win.cc(232)] ReadMemory at 0x7ff7400d7af0 of 12 bytes failed: Solo se completó una parte de una solicitud ReadProcessMemory o WriteProcessMemory. (0x12B)
[0515/200032:WARNING:process_snapshot_win.cc(96)] ReadMemory ExceptionInformation failed
[0515/200032:WARNING:crash_report_exception_handler.cc(60)] ProcessSnapshotWin::InitializeException failed
[0515/200032:ERROR:scoped_process_suspend.cc(38)] NtResumeProcess, ntstatus=-1073741558
